INFO - 2020-08-06 00:59:45,308 - process: 9792 - main.py - utils.myLog - 6 - main - 你好
INFO - 2020-08-06 09:42:17,655 - process: 24288 - myException.py - utils.myLog - 10 - myException - 你好
INFO - 2020-08-06 10:54:18,288 - process: 27684 - main.py - utils.myLog - 39 - main - 写入数据成功
INFO - 2020-08-06 10:54:18,288 - process: 27684 - myException.py - utils.myLog - 10 - myException - 程序正常退出
INFO - 2020-08-06 10:55:29,809 - process: 1736 - main.py - utils.myLog - 39 - main - 写入数据成功
INFO - 2020-08-06 10:55:29,809 - process: 1736 - myException.py - utils.myLog - 10 - myException - 程序正常退出
INFO - 2020-08-06 11:04:27,963 - process: 13872 - main.py - utils.myLog - 42 - main - ======程序开始运行======
INFO - 2020-08-06 11:04:35,284 - process: 13872 - writeData.py - utils.myLog - 16 - writeData - list数组写入Excel表格成功
INFO - 2020-08-06 11:05:20,864 - process: 22352 - main.py - utils.myLog - 42 - main - ======程序开始运行======
INFO - 2020-08-06 11:05:39,456 - process: 23596 - main.py - utils.myLog - 42 - main - ======程序开始运行======
INFO - 2020-08-06 11:05:40,735 - process: 23596 - writeData.py - utils.myLog - 19 - writeData - list数组写入Excel表格成功
INFO - 2020-08-06 11:05:55,220 - process: 13780 - main.py - utils.myLog - 42 - main - ======程序开始运行======
INFO - 2020-08-06 11:05:56,500 - process: 13780 - writeData.py - utils.myLog - 19 - writeData - list数组写入Excel表格成功
INFO - 2020-08-06 11:06:22,147 - process: 24200 - main.py - utils.myLog - 42 - main - ======程序开始运行======
INFO - 2020-08-06 11:06:23,410 - process: 24200 - writeData.py - utils.myLog - 21 - writeData - list数组写入Excel表格成功
INFO - 2020-08-06 11:10:51,691 - process: 24648 - bot1.py - utils.myLog - 42 - bot1 - ======程序开始运行======
INFO - 2020-08-06 11:10:53,057 - process: 24648 - writeData.py - utils.myLog - 20 - writeData - 成功将list数据结果写入Excel表格
INFO - 2020-08-06 11:10:53,057 - process: 24648 - myException.py - utils.myLog - 10 - myException - 程序正常退出
INFO - 2020-08-06 11:45:30,528 - process: 7364 - bot1.py - utils.myLog - 40 - bot1 - ======程序开始运行======
INFO - 2020-08-06 11:47:41,569 - process: 3328 - bot1.py - utils.myLog - 40 - bot1 - ======程序开始运行======
INFO - 2020-08-06 11:47:43,002 - process: 3328 - writeData.py - utils.myLog - 25 - writeData - 成功将list数据结果写入Excel表格
INFO - 2020-08-06 11:48:03,189 - process: 3328 - bot1.py - utils.myLog - 46 - bot1 - 程序正常结束退出
INFO - 2020-08-06 11:48:03,189 - process: 3328 - myException.py - utils.myLog - 15 - myException - 程序正常退出
INFO - 2020-08-06 12:01:19,467 - process: 20816 - bot1.py - utils.myLog - 44 - bot1 - ======程序开始运行======
INFO - 2020-08-06 12:01:20,869 - process: 20816 - writeData.py - utils.myLog - 25 - writeData - 成功：list已写入Excel表格
INFO - 2020-08-06 12:01:42,255 - process: 20816 - myException.py - utils.myLog - 15 - myException - 程序正常退出
INFO - 2020-08-06 14:04:21,898 - process: 24772 - bot1.py - utils.myLog - 43 - bot1 - ======程序开始运行======
INFO - 2020-08-06 14:04:23,087 - process: 24772 - writeData.py - utils.myLog - 25 - writeData - 成功：list已写入Excel表格
INFO - 2020-08-06 14:05:29,108 - process: 7172 - bot1.py - utils.myLog - 43 - bot1 - ======程序开始运行======
INFO - 2020-08-06 14:05:30,197 - process: 7172 - writeData.py - utils.myLog - 25 - writeData - 成功：list已写入Excel表格
INFO - 2020-08-06 14:06:49,479 - process: 25088 - bot1.py - utils.myLog - 43 - bot1 - ======程序开始运行======
INFO - 2020-08-06 14:06:50,782 - process: 25088 - writeData.py - utils.myLog - 25 - writeData - 成功：list已写入Excel表格
INFO - 2020-08-06 14:15:48,781 - process: 29620 - bot1.py - utils.myLog - 44 - bot1 - ======程序开始运行======
INFO - 2020-08-06 14:15:49,997 - process: 29620 - writeData.py - utils.myLog - 25 - writeData - 成功：list已写入Excel表格
INFO - 2020-08-06 14:18:08,806 - process: 27728 - bot1.py - utils.myLog - 44 - bot1 - ======程序开始运行======
INFO - 2020-08-06 14:18:10,046 - process: 27728 - writeData.py - utils.myLog - 25 - writeData - 成功：list已写入Excel表格
INFO - 2020-08-06 14:20:42,310 - process: 28988 - bot1.py - utils.myLog - 44 - bot1 - ======程序开始运行======
INFO - 2020-08-06 14:20:43,543 - process: 28988 - writeData.py - utils.myLog - 25 - writeData - 成功：list已写入Excel表格
INFO - 2020-08-06 14:21:03,680 - process: 28988 - sendEmail.py - utils.myLog - 15 - sendEmail - 正在发送邮件
INFO - 2020-08-06 14:21:03,869 - process: 28988 - sendEmail.py - utils.myLog - 19 - sendEmail - 设置收发人信息
INFO - 2020-08-06 14:21:04,016 - process: 28988 - sendEmail.py - utils.myLog - 34 - sendEmail - 尝试添加表格附件
INFO - 2020-08-06 14:21:04,455 - process: 28988 - sendEmail.py - utils.myLog - 47 - sendEmail - 成功:发送一封邮件
INFO - 2020-08-06 14:21:04,455 - process: 28988 - myException.py - utils.myLog - 15 - myException - 程序正常退出
INFO - 2020-08-06 14:35:15,294 - process: 4300 - bot1.py - utils.myLog - 44 - bot1 - ======程序开始运行======
INFO - 2020-08-06 14:35:19,843 - process: 4300 - writeData.py - utils.myLog - 25 - writeData - 成功：list已写入Excel表格
INFO - 2020-08-06 14:35:19,901 - process: 4300 - sendEmail.py - utils.myLog - 15 - sendEmail - 正在发送邮件
INFO - 2020-08-06 14:35:20,137 - process: 4300 - sendEmail.py - utils.myLog - 19 - sendEmail - 设置收发人信息
INFO - 2020-08-06 14:35:20,272 - process: 4300 - sendEmail.py - utils.myLog - 34 - sendEmail - 尝试添加表格附件
INFO - 2020-08-06 14:35:20,758 - process: 4300 - sendEmail.py - utils.myLog - 47 - sendEmail - 成功:发送一封邮件
INFO - 2020-08-06 14:35:20,758 - process: 4300 - sendEmail.py - utils.myLog - 15 - sendEmail - 正在发送邮件
INFO - 2020-08-06 14:35:20,958 - process: 4300 - sendEmail.py - utils.myLog - 19 - sendEmail - 设置收发人信息
INFO - 2020-08-06 14:35:21,099 - process: 4300 - sendEmail.py - utils.myLog - 34 - sendEmail - 尝试添加表格附件
INFO - 2020-08-06 14:35:21,522 - process: 4300 - sendEmail.py - utils.myLog - 47 - sendEmail - 成功:发送一封邮件
INFO - 2020-08-06 14:38:13,032 - process: 26696 - bot1.py - utils.myLog - 44 - bot1 - ======程序开始运行======
INFO - 2020-08-06 14:38:14,285 - process: 26696 - writeData.py - utils.myLog - 25 - writeData - 成功：list已写入Excel表格
INFO - 2020-08-06 14:38:34,434 - process: 26696 - myException.py - utils.myLog - 15 - myException - 程序正常退出
INFO - 2020-08-06 14:46:33,659 - process: 12920 - bot1.py - utils.myLog - 46 - bot1 - ======程序开始运行======
INFO - 2020-08-06 14:46:38,152 - process: 12920 - writeData.py - utils.myLog - 25 - writeData - 成功：list已写入Excel表格
INFO - 2020-08-06 14:46:38,199 - process: 12920 - myException.py - utils.myLog - 15 - myException - 程序正常退出
INFO - 2020-08-06 14:48:25,836 - process: 25448 - bot1.py - utils.myLog - 46 - bot1 - ======程序开始运行======
INFO - 2020-08-06 14:48:27,159 - process: 25448 - writeData.py - utils.myLog - 25 - writeData - 成功：list已写入Excel表格
INFO - 2020-08-06 14:48:47,364 - process: 25448 - myException.py - utils.myLog - 15 - myException - 程序正常退出
INFO - 2020-08-06 15:12:40,723 - process: 29144 - bot1.py - utils.myLog - 46 - bot1 - ======程序开始运行======
INFO - 2020-08-06 15:47:09,470 - process: 3032 - bot1.py - utils.myLog - 48 - bot1 - ======程序开始运行======
INFO - 2020-08-06 15:47:10,840 - process: 3032 - writeData.py - utils.myLog - 25 - writeData - 成功：list已写入Excel表格
INFO - 2020-08-06 15:48:19,922 - process: 16632 - bot1.py - utils.myLog - 48 - bot1 - ======程序开始运行======
INFO - 2020-08-06 15:48:21,224 - process: 16632 - writeData.py - utils.myLog - 25 - writeData - 成功：list已写入Excel表格
INFO - 2020-08-06 15:50:52,651 - process: 20212 - bot1.py - utils.myLog - 48 - bot1 - ======程序开始运行======
INFO - 2020-08-06 15:50:56,046 - process: 20212 - writeData.py - utils.myLog - 25 - writeData - 成功：list已写入Excel表格
INFO - 2020-08-06 15:52:46,810 - process: 9312 - bot1.py - utils.myLog - 48 - bot1 - ======程序开始运行======
INFO - 2020-08-06 15:52:55,178 - process: 9312 - writeData.py - utils.myLog - 25 - writeData - 成功：list已写入Excel表格
INFO - 2020-08-06 15:59:08,332 - process: 28236 - readData.py - utils.myLog - 24 - readData - 成功：读取Excel
NoneType: None
INFO - 2020-08-06 16:01:25,707 - process: 27972 - readData.py - utils.myLog - 24 - readData - 成功：读取Excel
NoneType: None
INFO - 2020-08-06 16:12:07,148 - process: 28992 - readData.py - utils.myLog - 25 - readData - 成功：读取Excel
NoneType: None
INFO - 2020-08-06 16:15:56,572 - process: 4884 - readData.py - utils.myLog - 25 - readData - 成功：读取Excel
NoneType: None
INFO - 2020-08-06 16:18:57,114 - process: 24684 - readData.py - utils.myLog - 24 - readData - 成功：读取Excel
NoneType: None
INFO - 2020-08-06 16:21:38,576 - process: 28188 - bot1.py - utils.myLog - 48 - bot1 - ======程序开始运行======
INFO - 2020-08-06 16:21:41,393 - process: 28188 - writeData.py - utils.myLog - 25 - writeData - 成功：list已写入Excel表格
INFO - 2020-08-06 16:21:44,516 - process: 28188 - readData.py - utils.myLog - 23 - readData - 成功：读取Excel
NoneType: None
INFO - 2020-08-06 16:21:44,578 - process: 28188 - myException.py - utils.myLog - 15 - myException - 程序正常退出
INFO - 2020-08-06 16:23:22,555 - process: 27216 - bot1.py - utils.myLog - 48 - bot1 - ======程序开始运行======
INFO - 2020-08-06 16:23:26,292 - process: 27216 - writeData.py - utils.myLog - 25 - writeData - 成功：list已写入Excel表格
INFO - 2020-08-06 16:23:30,744 - process: 27216 - readData.py - utils.myLog - 23 - readData - 成功：读取Excel
NoneType: None
INFO - 2020-08-06 16:23:30,796 - process: 27216 - myException.py - utils.myLog - 15 - myException - 程序正常退出
INFO - 2020-08-06 16:38:26,959 - process: 17268 - bot1.py - utils.myLog - 48 - bot1 - ======程序开始运行======
INFO - 2020-08-06 16:38:28,830 - process: 17268 - writeData.py - utils.myLog - 25 - writeData - 成功：list已写入Excel表格
INFO - 2020-08-06 16:38:49,958 - process: 17268 - readData.py - utils.myLog - 23 - readData - 成功：读取Excel
NoneType: None
INFO - 2020-08-06 16:38:49,979 - process: 17268 - myException.py - utils.myLog - 15 - myException - 程序正常退出
INFO - 2020-08-06 16:50:17,292 - process: 20288 - bot1.py - utils.myLog - 48 - bot1 - ======程序开始运行======
INFO - 2020-08-06 16:50:19,066 - process: 20288 - writeData.py - utils.myLog - 25 - writeData - 成功：list已写入Excel表格
INFO - 2020-08-06 16:50:43,320 - process: 20288 - readData.py - utils.myLog - 22 - readData - 成功：读取Excel
NoneType: None
INFO - 2020-08-06 16:50:43,353 - process: 20288 - myException.py - utils.myLog - 15 - myException - 程序正常退出
INFO - 2020-08-06 16:56:21,765 - process: 10632 - bot1.py - utils.myLog - 57 - bot1 - ======程序开始运行======
INFO - 2020-08-06 16:56:23,530 - process: 10632 - writeData.py - utils.myLog - 25 - writeData - 成功：list已写入Excel表格
INFO - 2020-08-06 16:56:45,265 - process: 10632 - readData.py - utils.myLog - 22 - readData - 成功：读取Excel
NoneType: None
INFO - 2020-08-06 16:56:45,302 - process: 10632 - myException.py - utils.myLog - 15 - myException - 程序正常退出
INFO - 2020-08-06 16:58:52,421 - process: 3520 - bot1.py - utils.myLog - 56 - bot1 - ======程序开始运行======
INFO - 2020-08-06 16:58:54,254 - process: 3520 - writeData.py - utils.myLog - 25 - writeData - 成功：list已写入Excel表格
INFO - 2020-08-06 16:59:15,971 - process: 3520 - readData.py - utils.myLog - 22 - readData - 成功：读取Excel
NoneType: None
INFO - 2020-08-06 16:59:16,010 - process: 3520 - myException.py - utils.myLog - 15 - myException - 程序正常退出
INFO - 2020-08-06 17:00:42,193 - process: 11780 - bot1.py - utils.myLog - 56 - bot1 - ======程序开始运行======
INFO - 2020-08-06 17:00:43,866 - process: 11780 - writeData.py - utils.myLog - 25 - writeData - 成功：list已写入Excel表格
INFO - 2020-08-06 17:01:05,641 - process: 11780 - readData.py - utils.myLog - 22 - readData - 成功：读取Excel
NoneType: None
INFO - 2020-08-06 17:01:05,678 - process: 11780 - myException.py - utils.myLog - 15 - myException - 程序正常退出
INFO - 2020-08-06 17:02:27,774 - process: 3936 - bot1.py - utils.myLog - 56 - bot1 - ======程序开始运行======
INFO - 2020-08-06 17:02:28,827 - process: 3936 - writeData.py - utils.myLog - 25 - writeData - 成功：list已写入Excel表格
INFO - 2020-08-06 17:02:48,965 - process: 3936 - bot1.py - utils.myLog - 66 - bot1 - 正在筛选表格数据
INFO - 2020-08-06 17:02:49,949 - process: 3936 - readData.py - utils.myLog - 22 - readData - 成功：读取Excel
NoneType: None
INFO - 2020-08-06 17:02:49,970 - process: 3936 - myException.py - utils.myLog - 15 - myException - 程序正常退出
INFO - 2020-08-06 17:04:50,681 - process: 17812 - bot1.py - utils.myLog - 57 - bot1 - ======程序开始运行======
INFO - 2020-08-06 17:04:51,709 - process: 17812 - writeData.py - utils.myLog - 25 - writeData - 成功：list已写入Excel表格
INFO - 2020-08-06 17:05:11,986 - process: 17812 - bot1.py - utils.myLog - 67 - bot1 - 正在筛选表格数据
INFO - 2020-08-06 17:05:12,849 - process: 17812 - readData.py - utils.myLog - 22 - readData - 成功：读取Excel
NoneType: None
INFO - 2020-08-06 17:05:12,872 - process: 17812 - myException.py - utils.myLog - 15 - myException - 程序正常退出
INFO - 2020-08-06 17:27:58,410 - process: 18084 - bot1.py - utils.myLog - 57 - bot1 - ======程序开始运行======
INFO - 2020-08-06 17:27:59,645 - process: 18084 - writeData.py - utils.myLog - 25 - writeData - 成功：list已写入Excel表格
INFO - 2020-08-06 17:28:21,049 - process: 18084 - bot1.py - utils.myLog - 67 - bot1 - 正在筛选表格数据
INFO - 2020-08-06 17:28:22,045 - process: 18084 - readData.py - utils.myLog - 22 - readData - 成功：读取Excel
NoneType: None
INFO - 2020-08-06 17:28:22,067 - process: 18084 - myException.py - utils.myLog - 15 - myException - 程序正常退出
INFO - 2020-08-06 17:30:27,416 - process: 4072 - bot1.py - utils.myLog - 59 - bot1 - ======程序开始运行======
INFO - 2020-08-06 17:30:28,510 - process: 4072 - writeData.py - utils.myLog - 25 - writeData - 成功：list已写入Excel表格
INFO - 2020-08-06 17:30:48,649 - process: 4072 - bot1.py - utils.myLog - 69 - bot1 - 正在筛选表格数据
INFO - 2020-08-06 17:30:49,644 - process: 4072 - readData.py - utils.myLog - 22 - readData - 成功：读取Excel
NoneType: None
INFO - 2020-08-06 17:30:49,672 - process: 4072 - myException.py - utils.myLog - 15 - myException - 程序正常退出
INFO - 2020-08-06 17:32:10,376 - process: 9200 - bot1.py - utils.myLog - 60 - bot1 - ======程序开始运行======
INFO - 2020-08-06 17:32:11,479 - process: 9200 - writeData.py - utils.myLog - 25 - writeData - 成功：list已写入Excel表格
INFO - 2020-08-06 17:32:31,611 - process: 9200 - bot1.py - utils.myLog - 70 - bot1 - 正在筛选表格数据
INFO - 2020-08-06 17:32:32,603 - process: 9200 - readData.py - utils.myLog - 22 - readData - 成功：读取Excel
NoneType: None
INFO - 2020-08-06 17:32:32,624 - process: 9200 - myException.py - utils.myLog - 15 - myException - 程序正常退出
INFO - 2020-08-06 18:07:39,569 - process: 9452 - bot1.py - utils.myLog - 62 - bot1 - ======程序开始运行======
INFO - 2020-08-06 18:07:40,649 - process: 9452 - writeData.py - utils.myLog - 25 - writeData - 成功：list已写入Excel表格
INFO - 2020-08-06 18:08:02,012 - process: 9452 - bot1.py - utils.myLog - 73 - bot1 - 正在筛选表格数据
INFO - 2020-08-06 18:08:02,987 - process: 9452 - readData.py - utils.myLog - 22 - readData - 成功：读取Excel
NoneType: None
INFO - 2020-08-06 18:08:05,180 - process: 9452 - readData.py - utils.myLog - 22 - readData - 成功：读取Excel
NoneType: None
INFO - 2020-08-06 18:08:56,918 - process: 13600 - bot1.py - utils.myLog - 62 - bot1 - ======程序开始运行======
INFO - 2020-08-06 18:08:58,016 - process: 13600 - writeData.py - utils.myLog - 25 - writeData - 成功：list已写入Excel表格
INFO - 2020-08-06 18:09:18,155 - process: 13600 - bot1.py - utils.myLog - 73 - bot1 - 正在筛选表格数据
INFO - 2020-08-06 18:09:19,144 - process: 13600 - readData.py - utils.myLog - 22 - readData - 成功：读取Excel
NoneType: None
INFO - 2020-08-06 18:09:55,409 - process: 18732 - bot1.py - utils.myLog - 62 - bot1 - ======程序开始运行======
INFO - 2020-08-06 18:09:56,514 - process: 18732 - writeData.py - utils.myLog - 25 - writeData - 成功：list已写入Excel表格
INFO - 2020-08-06 18:10:16,663 - process: 18732 - bot1.py - utils.myLog - 73 - bot1 - 正在筛选表格数据
INFO - 2020-08-06 18:10:18,718 - process: 18732 - readData.py - utils.myLog - 22 - readData - 成功：读取Excel
NoneType: None
INFO - 2020-08-06 18:13:43,406 - process: 4852 - bot1.py - utils.myLog - 62 - bot1 - ======程序开始运行======
INFO - 2020-08-06 18:13:45,281 - process: 4852 - writeData.py - utils.myLog - 25 - writeData - 成功：list已写入Excel表格
INFO - 2020-08-06 18:14:05,486 - process: 4852 - bot1.py - utils.myLog - 73 - bot1 - 正在筛选表格数据
INFO - 2020-08-06 18:14:07,076 - process: 4852 - readData.py - utils.myLog - 22 - readData - 成功：读取Excel
NoneType: None
INFO - 2020-08-06 18:14:53,528 - process: 18748 - bot1.py - utils.myLog - 62 - bot1 - ======程序开始运行======
INFO - 2020-08-06 18:14:55,315 - process: 18748 - writeData.py - utils.myLog - 25 - writeData - 成功：list已写入Excel表格
INFO - 2020-08-06 18:15:15,491 - process: 18748 - bot1.py - utils.myLog - 73 - bot1 - 正在筛选表格数据
INFO - 2020-08-06 18:15:17,121 - process: 18748 - readData.py - utils.myLog - 22 - readData - 成功：读取Excel
NoneType: None
INFO - 2020-08-06 18:15:44,896 - process: 18748 - writeData.py - utils.myLog - 25 - writeData - 成功：list已写入Excel表格
INFO - 2020-08-06 18:16:05,112 - process: 18748 - sendEmail.py - utils.myLog - 15 - sendEmail - 正在发送邮件
INFO - 2020-08-06 18:16:05,344 - process: 18748 - sendEmail.py - utils.myLog - 19 - sendEmail - 设置收发人信息
INFO - 2020-08-06 18:16:05,492 - process: 18748 - sendEmail.py - utils.myLog - 34 - sendEmail - 尝试添加表格附件
INFO - 2020-08-06 18:16:05,946 - process: 18748 - sendEmail.py - utils.myLog - 47 - sendEmail - 成功:发送一封邮件
INFO - 2020-08-06 18:39:38,263 - process: 10460 - bot1.py - utils.myLog - 62 - bot1 - ======程序开始运行======
INFO - 2020-08-06 18:39:39,503 - process: 10460 - writeData.py - utils.myLog - 25 - writeData - 成功：list已写入Excel表格
INFO - 2020-08-06 18:39:59,634 - process: 10460 - bot1.py - utils.myLog - 73 - bot1 - 正在筛选表格数据
INFO - 2020-08-06 18:40:00,680 - process: 10460 - readData.py - utils.myLog - 22 - readData - 成功：读取Excel
NoneType: None
INFO - 2020-08-06 18:40:24,152 - process: 10460 - writeData.py - utils.myLog - 25 - writeData - 成功：list已写入Excel表格
INFO - 2020-08-06 18:40:44,315 - process: 10460 - sendEmail.py - utils.myLog - 15 - sendEmail - 正在发送邮件
INFO - 2020-08-06 18:40:44,546 - process: 10460 - sendEmail.py - utils.myLog - 19 - sendEmail - 设置收发人信息
INFO - 2020-08-06 18:40:44,704 - process: 10460 - sendEmail.py - utils.myLog - 34 - sendEmail - 尝试添加表格附件
INFO - 2020-08-06 18:40:45,146 - process: 10460 - sendEmail.py - utils.myLog - 47 - sendEmail - 成功:发送一封邮件
INFO - 2020-08-06 18:40:46,273 - process: 10460 - writeData.py - utils.myLog - 25 - writeData - 成功：list已写入Excel表格
INFO - 2020-08-07 09:19:22,842 - process: 3112 - bot1.py - utils.myLog - 62 - bot1 - ======程序开始运行======
INFO - 2020-08-07 09:19:24,815 - process: 3112 - writeData.py - utils.myLog - 25 - writeData - 成功：list已写入Excel表格
INFO - 2020-08-07 09:19:46,050 - process: 3112 - bot1.py - utils.myLog - 73 - bot1 - 正在筛选表格数据
INFO - 2020-08-07 09:19:47,699 - process: 3112 - readData.py - utils.myLog - 22 - readData - 成功：读取Excel
NoneType: None
INFO - 2020-08-07 09:20:12,716 - process: 3112 - writeData.py - utils.myLog - 25 - writeData - 成功：list已写入Excel表格
INFO - 2020-08-07 09:20:34,694 - process: 3112 - writeData.py - utils.myLog - 25 - writeData - 成功：list已写入Excel表格
INFO - 2020-08-07 09:25:48,065 - process: 4260 - bot1.py - utils.myLog - 62 - bot1 - ======程序开始运行======
INFO - 2020-08-07 09:25:49,832 - process: 4260 - writeData.py - utils.myLog - 25 - writeData - 成功：list已写入Excel表格
INFO - 2020-08-07 09:26:10,067 - process: 4260 - bot1.py - utils.myLog - 73 - bot1 - 正在筛选表格数据
INFO - 2020-08-07 09:26:11,755 - process: 4260 - readData.py - utils.myLog - 22 - readData - 成功：读取Excel
NoneType: None
INFO - 2020-08-07 09:26:36,973 - process: 4260 - writeData.py - utils.myLog - 25 - writeData - 成功：list已写入Excel表格
INFO - 2020-08-07 09:26:58,993 - process: 4260 - writeData.py - utils.myLog - 25 - writeData - 成功：list已写入Excel表格
INFO - 2020-08-07 09:30:41,480 - process: 19084 - bot1.py - utils.myLog - 62 - bot1 - ======程序开始运行======
INFO - 2020-08-07 09:30:42,627 - process: 19084 - writeData.py - utils.myLog - 25 - writeData - 成功：list已写入Excel表格
INFO - 2020-08-07 09:31:02,772 - process: 19084 - bot1.py - utils.myLog - 73 - bot1 - 正在筛选表格数据
INFO - 2020-08-07 09:31:03,758 - process: 19084 - readData.py - utils.myLog - 22 - readData - 成功：读取Excel
NoneType: None
INFO - 2020-08-07 09:31:26,882 - process: 19084 - writeData.py - utils.myLog - 25 - writeData - 成功：list已写入Excel表格
INFO - 2020-08-07 09:31:48,157 - process: 19084 - writeData.py - utils.myLog - 25 - writeData - 成功：list已写入Excel表格
INFO - 2020-08-07 09:32:17,509 - process: 19212 - bot1.py - utils.myLog - 62 - bot1 - ======程序开始运行======
INFO - 2020-08-07 09:32:18,665 - process: 19212 - writeData.py - utils.myLog - 25 - writeData - 成功：list已写入Excel表格
INFO - 2020-08-07 09:32:38,820 - process: 19212 - bot1.py - utils.myLog - 73 - bot1 - 正在筛选表格数据
INFO - 2020-08-07 09:33:26,945 - process: 12536 - bot1.py - utils.myLog - 62 - bot1 - ======程序开始运行======
INFO - 2020-08-07 09:33:37,493 - process: 12536 - writeData.py - utils.myLog - 25 - writeData - 成功：list已写入Excel表格
INFO - 2020-08-07 09:33:38,844 - process: 12536 - bot1.py - utils.myLog - 73 - bot1 - 正在筛选表格数据
INFO - 2020-08-07 09:33:40,332 - process: 12536 - readData.py - utils.myLog - 22 - readData - 成功：读取Excel
NoneType: None
INFO - 2020-08-07 09:34:10,028 - process: 19220 - bot1.py - utils.myLog - 62 - bot1 - ======程序开始运行======
INFO - 2020-08-07 09:34:11,147 - process: 19220 - writeData.py - utils.myLog - 25 - writeData - 成功：list已写入Excel表格
INFO - 2020-08-07 09:34:12,362 - process: 19220 - bot1.py - utils.myLog - 73 - bot1 - 正在筛选表格数据
INFO - 2020-08-07 09:34:13,384 - process: 19220 - readData.py - utils.myLog - 22 - readData - 成功：读取Excel
NoneType: None
INFO - 2020-08-07 09:34:17,313 - process: 19220 - writeData.py - utils.myLog - 25 - writeData - 成功：list已写入Excel表格
INFO - 2020-08-07 09:34:19,407 - process: 19220 - writeData.py - utils.myLog - 25 - writeData - 成功：list已写入Excel表格
INFO - 2020-08-07 09:34:20,500 - process: 19220 - myException.py - utils.myLog - 15 - myException - 程序正常退出
INFO - 2020-08-07 09:44:32,293 - process: 3280 - bot1.py - utils.myLog - 63 - bot1 - ======程序开始运行======
INFO - 2020-08-07 09:44:34,103 - process: 3280 - writeData.py - utils.myLog - 25 - writeData - 成功：list已写入Excel表格
INFO - 2020-08-07 09:44:36,679 - process: 3280 - bot1.py - utils.myLog - 74 - bot1 - 正在筛选表格数据
INFO - 2020-08-07 09:44:38,297 - process: 3280 - readData.py - utils.myLog - 22 - readData - 成功：读取Excel
NoneType: None
INFO - 2020-08-07 09:44:44,212 - process: 3280 - writeData.py - utils.myLog - 25 - writeData - 成功：list已写入Excel表格
INFO - 2020-08-07 09:44:47,301 - process: 3280 - writeData.py - utils.myLog - 25 - writeData - 成功：list已写入Excel表格
INFO - 2020-08-07 09:44:48,569 - process: 3280 - myException.py - utils.myLog - 15 - myException - 程序正常退出
INFO - 2020-08-07 09:46:14,316 - process: 18472 - bot1.py - utils.myLog - 62 - bot1 - ======程序开始运行======
INFO - 2020-08-07 09:46:15,430 - process: 18472 - writeData.py - utils.myLog - 25 - writeData - 成功：list已写入Excel表格
INFO - 2020-08-07 09:46:16,521 - process: 18472 - bot1.py - utils.myLog - 73 - bot1 - 读取并筛选表格数据
INFO - 2020-08-07 09:46:17,507 - process: 18472 - readData.py - utils.myLog - 22 - readData - 成功：读取Excel
NoneType: None
INFO - 2020-08-07 09:46:49,129 - process: 19928 - bot1.py - utils.myLog - 62 - bot1 - ======程序开始运行======
INFO - 2020-08-07 09:46:50,259 - process: 19928 - writeData.py - utils.myLog - 25 - writeData - 成功：list已写入Excel表格
INFO - 2020-08-07 09:46:51,478 - process: 19928 - bot1.py - utils.myLog - 73 - bot1 - 读取并筛选表格数据
INFO - 2020-08-07 09:46:52,480 - process: 19928 - readData.py - utils.myLog - 22 - readData - 成功：读取Excel
NoneType: None
INFO - 2020-08-07 09:46:56,533 - process: 19928 - writeData.py - utils.myLog - 25 - writeData - 成功：list已写入Excel表格
INFO - 2020-08-07 09:46:58,723 - process: 19928 - writeData.py - utils.myLog - 25 - writeData - 成功：list已写入Excel表格
INFO - 2020-08-07 09:46:59,872 - process: 19928 - myException.py - utils.myLog - 15 - myException - 程序正常退出
INFO - 2020-08-07 10:20:31,725 - process: 8100 - bot1.py - utils.myLog - 78 - bot1 - ======程序开始运行======
INFO - 2020-08-07 10:20:34,100 - process: 8100 - writeData.py - utils.myLog - 25 - writeData - 成功：list已写入Excel表格
INFO - 2020-08-07 10:20:38,491 - process: 8100 - myException.py - utils.myLog - 15 - myException - 程序正常退出
INFO - 2020-08-07 10:23:15,876 - process: 10096 - bot1.py - utils.myLog - 84 - bot1 - ======程序开始运行======
INFO - 2020-08-07 10:23:23,103 - process: 10096 - writeData.py - utils.myLog - 25 - writeData - 成功：list已写入Excel表格
INFO - 2020-08-07 10:23:24,324 - process: 10096 - myException.py - utils.myLog - 15 - myException - 程序正常退出
INFO - 2020-08-07 10:27:29,430 - process: 15184 - bot1.py - utils.myLog - 63 - bot1 - ======程序开始运行======
INFO - 2020-08-07 10:27:30,665 - process: 15184 - writeData.py - utils.myLog - 25 - writeData - 成功：list已写入Excel表格
INFO - 2020-08-07 10:27:33,702 - process: 15184 - myException.py - utils.myLog - 15 - myException - 程序正常退出
